[03:44:34] [ServerMain/INFO]: [bootstrap] Running Java 25 (OpenJDK 64-Bit Server VM 25.0.1+8-LTS; Microsoft Microsoft-12574222) on Linux 6.8.0-1030-azure (amd64)
[03:44:34] [ServerMain/INFO]: [bootstrap] Loading Paper 1.21.4-232-ver/1.21.4@12d8fe0 (2025-06-09T10:15:42Z) for Minecraft 1.21.4
[03:44:34] [ServerMain/INFO]: [PluginInitializerManager] Initializing plugins...
[03:44:34] [ServerMain/INFO]: [PluginInitializerManager] Initialized 0 plugins
[03:44:38] [ServerMain/INFO]: Environment: Environment[sessionHost=https://sessionserver.mojang.com, servicesHost=https://api.minecraftservices.com, name=PROD]
[03:44:39] [ServerMain/INFO]: Found new data pack file/bukkit, loading it automatically
[03:44:39] [ServerMain/INFO]: Found new data pack paper, loading it automatically
[03:44:39] [ServerMain/INFO]: No existing world data, creating new world
[03:44:40] [ServerMain/INFO]: Loaded 1370 recipes
[03:44:40] [ServerMain/INFO]: Loaded 1481 advancements
[03:44:40] [ServerMain/INFO]: [MCTypeRegistry] Initialising converters for DataConverter...
[03:44:40] [ServerMain/INFO]: [MCTypeRegistry] Finished initialising converters for DataConverter in 212.5ms
[03:44:40] [Server thread/INFO]: Starting minecraft server version 1.21.4
[03:44:40] [Server thread/INFO]: Loading properties
[03:44:40] [Server thread/INFO]: This server is running Paper version 1.21.4-232-ver/1.21.4@12d8fe0 (2025-06-09T10:15:42Z) (Implementing API version 1.21.4-R0.1-SNAPSHOT)
[03:44:41] [Server thread/INFO]: [spark] This server bundles the spark profiler. For more information please visit https://docs.papermc.io/paper/profiling
[03:44:41] [Server thread/INFO]: Server Ping Player Sample Count: 12
[03:44:41] [Server thread/INFO]: Using 4 threads for Netty based IO
[03:44:41] [Server thread/INFO]: [MoonriseCommon] Paper is using 1 worker threads, 1 I/O threads
[03:44:41] [Server thread/INFO]: [ChunkTaskScheduler] Chunk system is using population gen parallelism: true
[03:44:42] [Server thread/INFO]: Default game type: SURVIVAL
[03:44:42] [Server thread/INFO]: Generating keypair
[03:44:42] [Server thread/INFO]: Starting Minecraft server on *:25565
[03:44:42] [Server thread/INFO]: Using epoll channel type
[03:44:42] [Server thread/INFO]: Paper: Using libdeflate (Linux x86_64) compression from Velocity.
[03:44:42] [Server thread/INFO]: Paper: Using OpenSSL 3.x.x (Linux x86_64) cipher from Velocity.
[03:44:42] [Server thread/WARN]: **** SERVER IS RUNNING IN OFFLINE/INSECURE MODE!
[03:44:42] [Server thread/WARN]: The server will make no attempt to authenticate usernames. Beware.
[03:44:42] [Server thread/WARN]: While this makes the game possible to play without internet access, it also opens up the ability for hackers to connect with any username they choose.
[03:44:42] [Server thread/WARN]: To change this, set "online-mode" to "true" in the server.properties file.
[03:44:42] [Server thread/INFO]: Preparing level "world"
[03:44:51] [Server thread/INFO]: Preparing start region for dimension minecraft:overworld
[03:44:51] [Server thread/INFO]: Preparing spawn area: 2%
[03:44:52] [Server thread/INFO]: Preparing spawn area: 2%
[03:44:52] [Server thread/INFO]: Preparing spawn area: 2%
[03:44:53] [Server thread/INFO]: Preparing spawn area: 4%
[03:44:53] [Server thread/INFO]: Preparing spawn area: 12%
[03:44:54] [Server thread/INFO]: Preparing spawn area: 12%
[03:44:54] [Server thread/INFO]: Preparing spawn area: 18%
[03:44:55] [Server thread/INFO]: Preparing spawn area: 30%
[03:44:55] [Server thread/INFO]: Preparing spawn area: 51%
[03:44:56] [Server thread/INFO]: Preparing spawn area: 51%
[03:44:56] [Server thread/INFO]: Preparing spawn area: 67%
[03:44:57] [Server thread/INFO]: Preparing spawn area: 75%
[03:44:57] [Server thread/INFO]: Time elapsed: 5659 ms
[03:44:57] [Server thread/INFO]: Preparing start region for dimension minecraft:the_nether
[03:44:57] [Server thread/INFO]: Preparing spawn area: 2%
[03:44:58] [Server thread/INFO]: Preparing spawn area: 18%
[03:44:58] [Server thread/INFO]: Preparing spawn area: 46%
[03:44:59] [Server thread/INFO]: Preparing spawn area: 63%
[03:44:59] [Server thread/INFO]: Time elapsed: 1543 ms
[03:44:59] [Server thread/INFO]: Preparing start region for dimension minecraft:the_end
[03:44:59] [Server thread/INFO]: Preparing spawn area: 2%
[03:44:59] [Server thread/INFO]: Time elapsed: 444 ms
[03:44:59] [Server thread/INFO]: [spark] Starting background profiler...
[03:45:00] [Server thread/INFO]: Done preparing level "world" (18.040s)
[03:45:00] [Server thread/INFO]: Running delayed init tasks
[03:45:00] [Server thread/INFO]: Done (27.124s)! For help, type "help"
[03:45:00] [Server thread/INFO]: *************************************************************************************
[03:45:00] [Server thread/INFO]: This is the first time you're starting this server.
[03:45:00] [Server thread/INFO]: It's recommended you read our 'Getting Started' documentation for guidance.
[03:45:00] [Server thread/INFO]: View this and more helpful information here: https://docs.papermc.io/paper/next-steps
[03:45:00] [Server thread/INFO]: *************************************************************************************
[03:50:22] [Server thread/INFO]: Made fikrahmalas a server operator
[03:52:15] [Server thread/INFO]: Stopping the server
[03:52:15] [Server thread/INFO]: Stopping server
[03:52:15] [Server thread/INFO]: Saving players
[03:52:15] [Server thread/INFO]: Saving worlds
[03:52:15] [Server thread/INFO]: Saving chunks for level 'ServerLevel[world]'/minecraft:overworld
[03:52:15] [Server thread/INFO]: [ChunkHolderManager] Waiting 60s for chunk system to halt for world 'world'
[03:52:15] [Server thread/INFO]: [ChunkHolderManager] Halted chunk system for world 'world'
[03:52:15] [Server thread/INFO]: [ChunkHolderManager] Saving all chunkholders for world 'world'
[03:52:15] [Server thread/INFO]: [ChunkHolderManager] Saved 797 block chunks, 3 entity chunks, 0 poi chunks in world 'world' in 0.68s
[03:52:15] [Server thread/INFO]: [ChunkHolderManager] Waiting 60s for chunk I/O to halt for world 'world'
[03:52:15] [Server thread/INFO]: [ChunkHolderManager] Halted I/O scheduler for world 'world'
[03:52:15] [Server thread/INFO]: Saving chunks for level 'ServerLevel[world_nether]'/minecraft:the_nether
[03:52:15] [Server thread/INFO]: [ChunkHolderManager] Waiting 60s for chunk system to halt for world 'world_nether'
[03:52:15] [Server thread/INFO]: [ChunkHolderManager] Halted chunk system for world 'world_nether'
[03:52:15] [Server thread/INFO]: [ChunkHolderManager] Saving all chunkholders for world 'world_nether'
[03:52:16] [Server thread/INFO]: [ChunkHolderManager] Saved 792 block chunks, 4 entity chunks, 0 poi chunks in world 'world_nether' in 0.34s
[03:52:16] [Server thread/INFO]: [ChunkHolderManager] Waiting 60s for chunk I/O to halt for world 'world_nether'
[03:52:16] [Server thread/INFO]: [ChunkHolderManager] Halted I/O scheduler for world 'world_nether'
[03:52:16] [Server thread/INFO]: Saving chunks for level 'ServerLevel[world_the_end]'/minecraft:the_end
[03:52:16] [Server thread/INFO]: [ChunkHolderManager] Waiting 60s for chunk system to halt for world 'world_the_end'
[03:52:16] [Server thread/INFO]: [ChunkHolderManager] Halted chunk system for world 'world_the_end'
[03:52:16] [Server thread/INFO]: [ChunkHolderManager] Saving all chunkholders for world 'world_the_end'
[03:52:16] [Server thread/INFO]: [ChunkHolderManager] Saved 792 block chunks, 10 entity chunks, 0 poi chunks in world 'world_the_end' in 0.26s
[03:52:16] [Server thread/INFO]: [ChunkHolderManager] Waiting 60s for chunk I/O to halt for world 'world_the_end'
[03:52:16] [Server thread/INFO]: [ChunkHolderManager] Halted I/O scheduler for world 'world_the_end'
[03:52:16] [Server thread/INFO]: ThreadedAnvilChunkStorage (world): All chunks are saved
[03:52:16] [Server thread/INFO]: ThreadedAnvilChunkStorage (DIM-1): All chunks are saved
[03:52:16] [Server thread/INFO]: ThreadedAnvilChunkStorage (DIM1): All chunks are saved
[03:52:16] [Server thread/INFO]: ThreadedAnvilChunkStorage: All dimensions are saved
[03:52:16] [Server thread/INFO]: Waiting for I/O tasks to complete...
[03:52:16] [Server thread/INFO]: All I/O tasks to complete
[03:52:16] [Server thread/INFO]: [MoonriseCommon] Awaiting termination of worker pool for up to 60s...
[03:52:16] [Server thread/INFO]: [MoonriseCommon] Awaiting termination of I/O pool for up to 60s...
